<?xml version="1.0" encoding="UTF-8"?>
<testsuite xmlns:xsi="http://www.w3.org/2001/XMLSchema-instance" xsi:noNamespaceSchemaLocation="https://maven.apache.org/surefire/maven-surefire-plugin/xsd/surefire-test-report.xsd" name="me.thawila.servidor.AppTest" time="0.027" tests="1" errors="0" skipped="0" failures="0">
  <properties>
    <property name="java.specification.version" value="17"/>
    <property name="sun.jnu.encoding" value="UTF-8"/>
    <property name="java.class.path" value="/home/mahomed/Projetos/UEvora/TaNaForja/Servidor/target/test-classes:/home/mahomed/Projetos/UEvora/TaNaForja/Servidor/target/classes:/home/mahomed/.m2/repository/junit/junit/4.11/junit-4.11.jar:/home/mahomed/.m2/repository/org/hamcrest/hamcrest-core/1.3/hamcrest-core-1.3.jar:/home/mahomed/.m2/repository/org/postgresql/postgresql/42.7.1/postgresql-42.7.1.jar:/home/mahomed/.m2/repository/org/checkerframework/checker-qual/3.41.0/checker-qual-3.41.0.jar:"/>
    <property name="java.vm.vendor" value="Oracle Corporation"/>
    <property name="sun.arch.data.model" value="64"/>
    <property name="java.vendor.url" value="https://java.oracle.com/"/>
    <property name="os.name" value="Linux"/>
    <property name="java.vm.specification.version" value="17"/>
    <property name="sun.java.launcher" value="SUN_STANDARD"/>
    <property name="user.country" value="PT"/>
    <property name="sun.boot.library.path" value="/usr/lib/jvm/jdk-17-oracle-x64/lib"/>
    <property name="sun.java.command" value="/home/mahomed/Projetos/UEvora/TaNaForja/Servidor/target/surefire/surefirebooter13457085659235638383.jar /home/mahomed/Projetos/UEvora/TaNaForja/Servidor/target/surefire 2023-12-13T20-58-19_050-jvmRun1 surefire466037961908573348tmp surefire_010623525518240073083tmp"/>
    <property name="jdk.debug" value="release"/>
    <property name="surefire.test.class.path" value="/home/mahomed/Projetos/UEvora/TaNaForja/Servidor/target/test-classes:/home/mahomed/Projetos/UEvora/TaNaForja/Servidor/target/classes:/home/mahomed/.m2/repository/junit/junit/4.11/junit-4.11.jar:/home/mahomed/.m2/repository/org/hamcrest/hamcrest-core/1.3/hamcrest-core-1.3.jar:/home/mahomed/.m2/repository/org/postgresql/postgresql/42.7.1/postgresql-42.7.1.jar:/home/mahomed/.m2/repository/org/checkerframework/checker-qual/3.41.0/checker-qual-3.41.0.jar:"/>
    <property name="sun.cpu.endian" value="little"/>
    <property name="user.home" value="/home/mahomed"/>
    <property name="user.language" value="pt"/>
    <property name="java.specification.vendor" value="Oracle Corporation"/>
    <property name="java.version.date" value="2023-07-18"/>
    <property name="java.home" value="/usr/lib/jvm/jdk-17-oracle-x64"/>
    <property name="file.separator" value="/"/>
    <property name="basedir" value="/home/mahomed/Projetos/UEvora/TaNaForja/Servidor"/>
    <property name="java.vm.compressedOopsMode" value="Zero based"/>
    <property name="line.separator" value="&#10;"/>
    <property name="java.vm.specification.vendor" value="Oracle Corporation"/>
    <property name="java.specification.name" value="Java Platform API Specification"/>
    <property name="surefire.real.class.path" value="/home/mahomed/Projetos/UEvora/TaNaForja/Servidor/target/surefire/surefirebooter13457085659235638383.jar"/>
    <property name="sun.management.compiler" value="HotSpot 64-Bit Tiered Compilers"/>
    <property name="java.runtime.version" value="17.0.8+9-LTS-211"/>
    <property name="user.name" value="mahomed"/>
    <property name="path.separator" value=":"/>
    <property name="os.version" value="6.1.0-12-amd64"/>
    <property name="java.runtime.name" value="Java(TM) SE Runtime Environment"/>
    <property name="file.encoding" value="UTF-8"/>
    <property name="java.vm.name" value="Java HotSpot(TM) 64-Bit Server VM"/>
    <property name="localRepository" value="/home/mahomed/.m2/repository"/>
    <property name="java.vendor.url.bug" value="https://bugreport.java.com/bugreport/"/>
    <property name="java.io.tmpdir" value="/tmp"/>
    <property name="java.version" value="17.0.8"/>
    <property name="user.dir" value="/home/mahomed/Projetos/UEvora/TaNaForja/Servidor"/>
    <property name="os.arch" value="amd64"/>
    <property name="java.vm.specification.name" value="Java Virtual Machine Specification"/>
    <property name="native.encoding" value="UTF-8"/>
    <property name="java.library.path" value="/usr/java/packages/lib:/usr/lib64:/lib64:/lib:/usr/lib"/>
    <property name="java.vm.info" value="mixed mode, sharing"/>
    <property name="java.vendor" value="Oracle Corporation"/>
    <property name="java.vm.version" value="17.0.8+9-LTS-211"/>
    <property name="sun.io.unicode.encoding" value="UnicodeLittle"/>
    <property name="java.class.version" value="61.0"/>
  </properties>
  <testcase name="shouldAnswerWithTrue" classname="me.thawila.servidor.AppTest" time="0.001"/>
</testsuite>